2026-03-16 14:27:24 - root - INFO - {'username': 'admin', 'password': ''}
2026-03-16 14:27:24 - root - INFO - Content-Type: application/json
User-Agent: PostmanRuntime/7.51.1
Accept: */*
Postman-Token: 9f9e7517-17de-4793-8826-4de159b5b694
Host: 127.0.0.1:5000
Accept-Encoding: gzip, deflate, br
Connection: keep-alive
Content-Length: 45


2026-03-16 14:27:24 - root - INFO - http://127.0.0.1:5000/login
2026-03-16 14:27:24 - werkzeug - INFO - 127.0.0.1 - - [16/Mar/2026 14:27:24] "POST /login HTTP/1.1" 200 -
2026-03-16 14:28:34 - werkzeug - INFO - 127.0.0.1 - - [16/Mar/2026 14:28:34] "[31m[1mGET /login HTTP/1.1[0m" 405 -
2026-03-16 14:30:21 - root - INFO - {'username': 'admin', 'password': ''}
2026-03-16 14:30:21 - root - INFO - Content-Type: application/json
User-Agent: PostmanRuntime/7.51.1
Accept: */*
Postman-Token: 9ba476ec-4249-4120-9037-e5a002996ce4
Host: 127.0.0.1:5000
Accept-Encoding: gzip, deflate, br
Connection: keep-alive
Content-Length: 45


2026-03-16 14:30:21 - root - INFO - http://127.0.0.1:5000/login
2026-03-16 14:30:21 - root - INFO - 用户名或密码不能为空
2026-03-16 14:30:21 - werkzeug - INFO - 127.0.0.1 - - [16/Mar/2026 14:30:21] "POST /login HTTP/1.1" 200 -
2026-03-16 15:03:53 - root - INFO - {'year': '2025', 'month': '08', 'prctr': 'SSX'}
2026-03-16 15:03:53 - root - INFO - {'GJAHR': '2025', 'MONAT': '08', 'PRCTR': 'SSX', 'RACCT': '6001123456', 'ACC_N': '营业总收入', 'RFAREA': 'Y000', 'RFA_N': '管理费用', 'C_D_SUM': 55.64, 'HSL_E': 21.69}
2026-03-16 15:03:53 - werkzeug - INFO - 127.0.0.1 - - [16/Mar/2026 15:03:53] "POST /api/zmdms-esb-sap/sap/open/call HTTP/1.1" 200 -
2026-03-16 15:04:14 - root - INFO - {'year': '2025', 'month': '08', 'prctr': 'SSX'}
2026-03-16 15:04:14 - root - INFO - {'GJAHR': '2025', 'MONAT': '08', 'PRCTR': 'SSX', 'RACCT': '6001123456', 'ACC_N': '营业总收入', 'RFAREA': 'Y000', 'RFA_N': '管理费用', 'C_D_SUM': 93.3, 'HSL_E': 22.29}
2026-03-16 15:04:14 - werkzeug - INFO - 127.0.0.1 - - [16/Mar/2026 15:04:14] "POST /api/zmdms-esb-sap/sap/open/call HTTP/1.1" 200 -
2026-03-16 15:04:23 - root - INFO - {'year': '2025', 'month': '09', 'prctr': 'SSX'}
2026-03-16 15:04:23 - root - INFO - {'GJAHR': '2025', 'MONAT': '10', 'PRCTR': 'SSX', 'RACCT': '6001123456', 'ACC_N': '营业总收入', 'RFAREA': 'Y000', 'RFA_N': '管理费用', 'C_D_SUM': -100, 'HSL_E': -200}
2026-03-16 15:04:23 - werkzeug - INFO - 127.0.0.1 - - [16/Mar/2026 15:04:23] "POST /api/zmdms-esb-sap/sap/open/call HTTP/1.1" 200 -
2026-03-16 15:17:15 - root - INFO - {'year': '2025', 'month': '10', 'prctr': 'SSX'}
2026-03-16 15:17:15 - root - INFO - <vo.sapVo.sapVo object at 0x10abc97f0>
2026-03-16 15:17:15 - main - ERROR - Exception on /api/zmdms-esb-sap/sap/open/call [POST]
Traceback (most recent call last):
  File "/Users/dushiyu/Downloads/pythonEnv/flask/lib/python3.13/site-packages/flask/app.py", line 1511, in wsgi_app
    response = self.full_dispatch_request()
  File "/Users/dushiyu/Downloads/pythonEnv/flask/lib/python3.13/site-packages/flask/app.py", line 919, in full_dispatch_request
    rv = self.handle_user_exception(e)
  File "/Users/dushiyu/Downloads/pythonEnv/flask/lib/python3.13/site-packages/flask/app.py", line 917, in full_dispatch_request
    rv = self.dispatch_request()
  File "/Users/dushiyu/Downloads/pythonEnv/flask/lib/python3.13/site-packages/flask/app.py", line 902, in dispatch_request
    return self.ensure_sync(self.view_functions[rule.endpoint])(**view_args)  # type: ignore[no-any-return]
           ~~~~~~~~~~~~~~~~~~~~~~~~~~~~~~~~~~~~~~~~~~~~~~~~~~~~^^^^^^^^^^^^^
  File "/Users/dushiyu/Desktop/pythonProject/PythonProject/flask/main.py", line 38, in sap_call
    return Response.success(data=res_data)
           ~~~~~~~~~~~~~~~~^^^^^^^^^^^^^^^
  File "/Users/dushiyu/Desktop/pythonProject/PythonProject/flask/response/response.py", line 7, in success
    return jsonify({
        'code': '200',
        'msg':'操作成功',
        'data':data
    })
  File "/Users/dushiyu/Downloads/pythonEnv/flask/lib/python3.13/site-packages/flask/json/__init__.py", line 170, in jsonify
    return current_app.json.response(*args, **kwargs)  # type: ignore[return-value]
           ~~~~~~~~~~~~~~~~~~~~~~~~~^^^^^^^^^^^^^^^^^
  File "/Users/dushiyu/Downloads/pythonEnv/flask/lib/python3.13/site-packages/flask/json/provider.py", line 214, in response
    f"{self.dumps(obj, **dump_args)}\n", mimetype=self.mimetype
       ~~~~~~~~~~^^^^^^^^^^^^^^^^^^
  File "/Users/dushiyu/Downloads/pythonEnv/flask/lib/python3.13/site-packages/flask/json/provider.py", line 179, in dumps
    return json.dumps(obj, **kwargs)
           ~~~~~~~~~~^^^^^^^^^^^^^^^
  File "/opt/homebrew/Cellar/python@3.13/3.13.3_1/Frameworks/Python.framework/Versions/3.13/lib/python3.13/json/__init__.py", line 238, in dumps
    **kw).encode(obj)
          ~~~~~~^^^^^
  File "/opt/homebrew/Cellar/python@3.13/3.13.3_1/Frameworks/Python.framework/Versions/3.13/lib/python3.13/json/encoder.py", line 200, in encode
    chunks = self.iterencode(o, _one_shot=True)
  File "/opt/homebrew/Cellar/python@3.13/3.13.3_1/Frameworks/Python.framework/Versions/3.13/lib/python3.13/json/encoder.py", line 261, in iterencode
    return _iterencode(o, 0)
  File "/Users/dushiyu/Downloads/pythonEnv/flask/lib/python3.13/site-packages/flask/json/provider.py", line 121, in _default
    raise TypeError(f"Object of type {type(o).__name__} is not JSON serializable")
TypeError: Object of type sapVo is not JSON serializable
2026-03-16 15:17:15 - werkzeug - INFO - 127.0.0.1 - - [16/Mar/2026 15:17:15] "[35m[1mPOST /api/zmdms-esb-sap/sap/open/call HTTP/1.1[0m" 500 -
2026-03-16 15:18:13 - root - INFO - {'year': '2025', 'month': '10', 'prctr': 'SSX'}
2026-03-16 15:18:13 - main - ERROR - Exception on /api/zmdms-esb-sap/sap/open/call [POST]
Traceback (most recent call last):
  File "/Users/dushiyu/Downloads/pythonEnv/flask/lib/python3.13/site-packages/flask/app.py", line 1511, in wsgi_app
    response = self.full_dispatch_request()
  File "/Users/dushiyu/Downloads/pythonEnv/flask/lib/python3.13/site-packages/flask/app.py", line 919, in full_dispatch_request
    rv = self.handle_user_exception(e)
  File "/Users/dushiyu/Downloads/pythonEnv/flask/lib/python3.13/site-packages/flask/app.py", line 917, in full_dispatch_request
    rv = self.dispatch_request()
  File "/Users/dushiyu/Downloads/pythonEnv/flask/lib/python3.13/site-packages/flask/app.py", line 902, in dispatch_request
    return self.ensure_sync(self.view_functions[rule.endpoint])(**view_args)  # type: ignore[no-any-return]
           ~~~~~~~~~~~~~~~~~~~~~~~~~~~~~~~~~~~~~~~~~~~~~~~~~~~~^^^^^^^^^^^^^
  File "/Users/dushiyu/Desktop/pythonProject/PythonProject/flask/main.py", line 29, in sap_call
    res_data = json.dumps(sap)
  File "/opt/homebrew/Cellar/python@3.13/3.13.3_1/Frameworks/Python.framework/Versions/3.13/lib/python3.13/json/__init__.py", line 231, in dumps
    return _default_encoder.encode(obj)
           ~~~~~~~~~~~~~~~~~~~~~~~^^^^^
  File "/opt/homebrew/Cellar/python@3.13/3.13.3_1/Frameworks/Python.framework/Versions/3.13/lib/python3.13/json/encoder.py", line 200, in encode
    chunks = self.iterencode(o, _one_shot=True)
  File "/opt/homebrew/Cellar/python@3.13/3.13.3_1/Frameworks/Python.framework/Versions/3.13/lib/python3.13/json/encoder.py", line 261, in iterencode
    return _iterencode(o, 0)
  File "/opt/homebrew/Cellar/python@3.13/3.13.3_1/Frameworks/Python.framework/Versions/3.13/lib/python3.13/json/encoder.py", line 180, in default
    raise TypeError(f'Object of type {o.__class__.__name__} '
                    f'is not JSON serializable')
TypeError: Object of type sapVo is not JSON serializable
2026-03-16 15:18:13 - werkzeug - INFO - 127.0.0.1 - - [16/Mar/2026 15:18:13] "[35m[1mPOST /api/zmdms-esb-sap/sap/open/call HTTP/1.1[0m" 500 -
2026-03-16 15:18:40 - root - INFO - {'year': '2025', 'month': '10', 'prctr': 'SSX'}
2026-03-16 15:18:40 - main - ERROR - Exception on /api/zmdms-esb-sap/sap/open/call [POST]
Traceback (most recent call last):
  File "/Users/dushiyu/Downloads/pythonEnv/flask/lib/python3.13/site-packages/flask/app.py", line 1511, in wsgi_app
    response = self.full_dispatch_request()
  File "/Users/dushiyu/Downloads/pythonEnv/flask/lib/python3.13/site-packages/flask/app.py", line 919, in full_dispatch_request
    rv = self.handle_user_exception(e)
  File "/Users/dushiyu/Downloads/pythonEnv/flask/lib/python3.13/site-packages/flask/app.py", line 917, in full_dispatch_request
    rv = self.dispatch_request()
  File "/Users/dushiyu/Downloads/pythonEnv/flask/lib/python3.13/site-packages/flask/app.py", line 902, in dispatch_request
    return self.ensure_sync(self.view_functions[rule.endpoint])(**view_args)  # type: ignore[no-any-return]
           ~~~~~~~~~~~~~~~~~~~~~~~~~~~~~~~~~~~~~~~~~~~~~~~~~~~~^^^^^^^^^^^^^
  File "/Users/dushiyu/Desktop/pythonProject/PythonProject/flask/main.py", line 32, in sap_call
    res_data = json.dumps(sap)
  File "/opt/homebrew/Cellar/python@3.13/3.13.3_1/Frameworks/Python.framework/Versions/3.13/lib/python3.13/json/__init__.py", line 231, in dumps
    return _default_encoder.encode(obj)
           ~~~~~~~~~~~~~~~~~~~~~~~^^^^^
  File "/opt/homebrew/Cellar/python@3.13/3.13.3_1/Frameworks/Python.framework/Versions/3.13/lib/python3.13/json/encoder.py", line 200, in encode
    chunks = self.iterencode(o, _one_shot=True)
  File "/opt/homebrew/Cellar/python@3.13/3.13.3_1/Frameworks/Python.framework/Versions/3.13/lib/python3.13/json/encoder.py", line 261, in iterencode
    return _iterencode(o, 0)
  File "/opt/homebrew/Cellar/python@3.13/3.13.3_1/Frameworks/Python.framework/Versions/3.13/lib/python3.13/json/encoder.py", line 180, in default
    raise TypeError(f'Object of type {o.__class__.__name__} '
                    f'is not JSON serializable')
TypeError: Object of type sapVo is not JSON serializable
2026-03-16 15:18:40 - werkzeug - INFO - 127.0.0.1 - - [16/Mar/2026 15:18:40] "[35m[1mPOST /api/zmdms-esb-sap/sap/open/call HTTP/1.1[0m" 500 -
2026-03-16 15:18:50 - root - INFO - {'year': '2025', 'month': '10', 'prctr': 'SSX'}
2026-03-16 15:18:50 - main - ERROR - Exception on /api/zmdms-esb-sap/sap/open/call [POST]
Traceback (most recent call last):
  File "/Users/dushiyu/Downloads/pythonEnv/flask/lib/python3.13/site-packages/flask/app.py", line 1511, in wsgi_app
    response = self.full_dispatch_request()
  File "/Users/dushiyu/Downloads/pythonEnv/flask/lib/python3.13/site-packages/flask/app.py", line 919, in full_dispatch_request
    rv = self.handle_user_exception(e)
  File "/Users/dushiyu/Downloads/pythonEnv/flask/lib/python3.13/site-packages/flask/app.py", line 917, in full_dispatch_request
    rv = self.dispatch_request()
  File "/Users/dushiyu/Downloads/pythonEnv/flask/lib/python3.13/site-packages/flask/app.py", line 902, in dispatch_request
    return self.ensure_sync(self.view_functions[rule.endpoint])(**view_args)  # type: ignore[no-any-return]
           ~~~~~~~~~~~~~~~~~~~~~~~~~~~~~~~~~~~~~~~~~~~~~~~~~~~~^^^^^^^^^^^^^
  File "/Users/dushiyu/Desktop/pythonProject/PythonProject/flask/main.py", line 32, in sap_call
    res_data = json.dumps(sap)
  File "/opt/homebrew/Cellar/python@3.13/3.13.3_1/Frameworks/Python.framework/Versions/3.13/lib/python3.13/json/__init__.py", line 231, in dumps
    return _default_encoder.encode(obj)
           ~~~~~~~~~~~~~~~~~~~~~~~^^^^^
  File "/opt/homebrew/Cellar/python@3.13/3.13.3_1/Frameworks/Python.framework/Versions/3.13/lib/python3.13/json/encoder.py", line 200, in encode
    chunks = self.iterencode(o, _one_shot=True)
  File "/opt/homebrew/Cellar/python@3.13/3.13.3_1/Frameworks/Python.framework/Versions/3.13/lib/python3.13/json/encoder.py", line 261, in iterencode
    return _iterencode(o, 0)
  File "/opt/homebrew/Cellar/python@3.13/3.13.3_1/Frameworks/Python.framework/Versions/3.13/lib/python3.13/json/encoder.py", line 180, in default
    raise TypeError(f'Object of type {o.__class__.__name__} '
                    f'is not JSON serializable')
TypeError: Object of type sapVo is not JSON serializable
2026-03-16 15:18:50 - werkzeug - INFO - 127.0.0.1 - - [16/Mar/2026 15:18:50] "[35m[1mPOST /api/zmdms-esb-sap/sap/open/call HTTP/1.1[0m" 500 -
2026-03-16 15:20:20 - root - INFO - {'year': '2025', 'month': '10', 'prctr': 'SSX'}
2026-03-16 15:20:20 - root - INFO - {"GJAHR": "2025", "MONAT": "10", "PRCTR": "SSX", "RACCT": "6001123456", "ACC_N": "\u8425\u4e1a\u603b\u6536\u5165", "RFAREA": "Y000", "RFA_N": "\u7ba1\u7406\u8d39\u7528", "C_D_SUM": 0, "HSL_E": 0}
2026-03-16 15:20:20 - werkzeug - INFO - 127.0.0.1 - - [16/Mar/2026 15:20:20] "POST /api/zmdms-esb-sap/sap/open/call HTTP/1.1" 200 -
2026-03-16 15:20:23 - root - INFO - {'year': '2025', 'month': '10', 'prctr': 'SSX'}
2026-03-16 15:20:23 - root - INFO - {"GJAHR": "2025", "MONAT": "10", "PRCTR": "SSX", "RACCT": "6001123456", "ACC_N": "\u8425\u4e1a\u603b\u6536\u5165", "RFAREA": "Y000", "RFA_N": "\u7ba1\u7406\u8d39\u7528", "C_D_SUM": 0, "HSL_E": 0}
2026-03-16 15:20:23 - werkzeug - INFO - 127.0.0.1 - - [16/Mar/2026 15:20:23] "POST /api/zmdms-esb-sap/sap/open/call HTTP/1.1" 200 -
2026-03-16 15:21:53 - root - INFO - {'year': '2025', 'month': '10', 'prctr': 'SSX'}
2026-03-16 15:21:53 - root - INFO - {"GJAHR": "2025", "MONAT": "10", "PRCTR": "SSX", "RACCT": "6001123456", "ACC_N": "营业总收入", "RFAREA": "Y000", "RFA_N": "管理费用", "C_D_SUM": 0, "HSL_E": 0}
2026-03-16 15:21:53 - werkzeug - INFO - 127.0.0.1 - - [16/Mar/2026 15:21:53] "POST /api/zmdms-esb-sap/sap/open/call HTTP/1.1" 200 -
2026-03-16 15:21:58 - root - INFO - {'year': '2025', 'month': '10', 'prctr': 'SSX'}
2026-03-16 15:21:58 - root - INFO - {"GJAHR": "2025", "MONAT": "10", "PRCTR": "SSX", "RACCT": "6001123456", "ACC_N": "营业总收入", "RFAREA": "Y000", "RFA_N": "管理费用", "C_D_SUM": 0, "HSL_E": 0}
2026-03-16 15:21:58 - werkzeug - INFO - 127.0.0.1 - - [16/Mar/2026 15:21:58] "POST /api/zmdms-esb-sap/sap/open/call HTTP/1.1" 200 -
2026-03-16 15:21:59 - root - INFO - {'year': '2025', 'month': '10', 'prctr': 'SSX'}
2026-03-16 15:21:59 - root - INFO - {"GJAHR": "2025", "MONAT": "10", "PRCTR": "SSX", "RACCT": "6001123456", "ACC_N": "营业总收入", "RFAREA": "Y000", "RFA_N": "管理费用", "C_D_SUM": 0, "HSL_E": 0}
2026-03-16 15:21:59 - werkzeug - INFO - 127.0.0.1 - - [16/Mar/2026 15:21:59] "POST /api/zmdms-esb-sap/sap/open/call HTTP/1.1" 200 -
2026-03-16 15:40:10 - root - INFO - {'year': '2025', 'month': '10', 'prctr': 'SSX'}
2026-03-16 15:40:10 - root - INFO - ['{"GJAHR": "2025", "MONAT": "10", "PRCTR": "SSX", "RACCT": "6001123456", "ACC_N": "营业总收入", "RFAREA": "Y000", "RFA_N": "管理费用", "C_D_SUM": 0, "HSL_E": 0}', '{"GJAHR": "2025", "MONAT": "10", "PRCTR": "SSX", "RACCT": "6601010700", "ACC_N": "职工薪酬-职工福利-其他", "RFAREA": "Y000", "RFA_N": "管理费用", "C_D_SUM": 0, "HSL_E": 0}', '{"GJAHR": "2025", "MONAT": "10", "PRCTR": "SSX", "RACCT": "6001654321", "ACC_N": "营业总成本", "RFAREA": "Y000", "RFA_N": "管理费用", "C_D_SUM": 0, "HSL_E": 0}', '{"GJAHR": "2025", "MONAT": "10", "PRCTR": "SSX", "RACCT": "6601123456", "ACC_N": "销售费用", "RFAREA": "X100", "RFA_N": "管理费用", "C_D_SUM": 0, "HSL_E": 0}', '{"GJAHR": "2025", "MONAT": "10", "PRCTR": "SSX", "RACCT": "6603123456", "ACC_N": "财务费用", "RFAREA": "X100", "RFA_N": "管理费用", "C_D_SUM": 0, "HSL_E": 0}', '{"GJAHR": "2025", "MONAT": "10", "PRCTR": "SSX", "RACCT": "6603021234", "ACC_N": "利息支出", "RFAREA": "X100", "RFA_N": "管理费用", "C_D_SUM": 0, "HSL_E": 0}', '{"GJAHR": "2025", "MONAT": "10", "PRCTR": "SSX", "RACCT": "6603011234", "ACC_N": "利息收入", "RFAREA": "X100", "RFA_N": "管理费用", "C_D_SUM": 0, "HSL_E": 0}', '{"GJAHR": "2025", "MONAT": "10", "PRCTR": "SSX", "RACCT": "6603031234", "ACC_N": "汇兑损益", "RFAREA": "X100", "RFA_N": "管理费用", "C_D_SUM": 0, "HSL_E": 0}', '{"GJAHR": "2025", "MONAT": "10", "PRCTR": "SSX", "RACCT": "6701123456", "ACC_N": "资产减值损失", "RFAREA": "X100", "RFA_N": "管理费用", "C_D_SUM": 0, "HSL_E": 0}', '{"GJAHR": "2025", "MONAT": "10", "PRCTR": "SSX", "RACCT": "6101123456", "ACC_N": "公允价值变动收益", "RFAREA": "X100", "RFA_N": "管理费用", "C_D_SUM": 0, "HSL_E": 0}', '{"GJAHR": "2025", "MONAT": "10", "PRCTR": "SSX", "RACCT": "6111123456", "ACC_N": "投资收益", "RFAREA": "X100", "RFA_N": "管理费用", "C_D_SUM": 0, "HSL_E": 0}', '{"GJAHR": "2025", "MONAT": "10", "PRCTR": "SSX", "RACCT": "6302123456", "ACC_N": "其他收益", "RFAREA": "X100", "RFA_N": "管理费用", "C_D_SUM": 0, "HSL_E": 0}', '{"GJAHR": "2025", "MONAT": "10", "PRCTR": "SSX", "RACCT": "6301123456", "ACC_N": "营业外收入", "RFAREA": "X100", "RFA_N": "管理费用", "C_D_SUM": 0, "HSL_E": 0}', '{"GJAHR": "2025", "MONAT": "10", "PRCTR": "SSX", "RACCT": "6711123456", "ACC_N": "营业外支出", "RFAREA": "X100", "RFA_N": "管理费用", "C_D_SUM": 0, "HSL_E": 0}', '{"GJAHR": "2025", "MONAT": "10", "PRCTR": "SSX", "RACCT": "6601300000", "ACC_N": "劳务派遣", "RFAREA": "Y000", "RFA_N": "管理费用", "C_D_SUM": 0, "HSL_E": 0}', '{"GJAHR": "2025", "MONAT": "10", "PRCTR": "SSX", "RACCT": "6601010700", "ACC_N": "办公费-其他", "RFAREA": "Y000", "RFA_N": "管理费用", "C_D_SUM": 0, "HSL_E": 0}', '{"GJAHR": "2025", "MONAT": "10", "PRCTR": "SSX", "RACCT": "6601060000", "ACC_N": "仓储费", "RFAREA": "Y000", "RFA_N": "管理费用", "C_D_SUM": 0, "HSL_E": 0}', '{"GJAHR": "2025", "MONAT": "10", "PRCTR": "SSX", "RACCT": "6601180000", "ACC_N": "招待费", "RFAREA": "Y000", "RFA_N": "管理费用", "C_D_SUM": 0, "HSL_E": 0}', '{"GJAHR": "2025", "MONAT": "10", "PRCTR": "SSX", "RACCT": "6601270500", "ACC_N": "办公费-办公用品费", "RFAREA": "Y000", "RFA_N": "管理费用", "C_D_SUM": 0, "HSL_E": 0}']
2026-03-16 15:40:10 - werkzeug - INFO - 127.0.0.1 - - [16/Mar/2026 15:40:10] "POST /api/zmdms-esb-sap/sap/open/call HTTP/1.1" 200 -
2026-03-16 15:40:23 - root - INFO - {'year': '2025', 'month': '09', 'prctr': 'SSX'}
2026-03-16 15:40:23 - root - INFO - {'GJAHR': '2025', 'MONAT': '10', 'PRCTR': 'SSX', 'RACCT': '6001123456', 'ACC_N': '营业总收入', 'RFAREA': 'Y000', 'RFA_N': '管理费用', 'C_D_SUM': -100, 'HSL_E': -200}
2026-03-16 15:40:23 - werkzeug - INFO - 127.0.0.1 - - [16/Mar/2026 15:40:23] "POST /api/zmdms-esb-sap/sap/open/call HTTP/1.1" 200 -
2026-03-16 15:55:44 - root - INFO - {'year': '2025', 'month': '09', 'prctr': 'SSX'}
2026-03-16 15:55:44 - root - INFO - {'GJAHR': '2025', 'MONAT': '10', 'PRCTR': 'SSX', 'RACCT': '6001123456', 'ACC_N': '营业总收入', 'RFAREA': 'Y000', 'RFA_N': '管理费用', 'C_D_SUM': -100, 'HSL_E': -200}
2026-03-16 15:55:44 - werkzeug - INFO - 127.0.0.1 - - [16/Mar/2026 15:55:44] "POST /api/zmdms-esb-sap/sap/open/call HTTP/1.1" 200 -
2026-03-16 15:55:45 - root - INFO - {'year': '2025', 'month': '09', 'prctr': 'SSX'}
2026-03-16 15:55:45 - root - INFO - {'GJAHR': '2025', 'MONAT': '10', 'PRCTR': 'SSX', 'RACCT': '6001123456', 'ACC_N': '营业总收入', 'RFAREA': 'Y000', 'RFA_N': '管理费用', 'C_D_SUM': -100, 'HSL_E': -200}
2026-03-16 15:55:45 - werkzeug - INFO - 127.0.0.1 - - [16/Mar/2026 15:55:45] "POST /api/zmdms-esb-sap/sap/open/call HTTP/1.1" 200 -
2026-03-16 15:55:46 - root - INFO - {'year': '2025', 'month': '09', 'prctr': 'SSX'}
2026-03-16 15:55:46 - root - INFO - {'GJAHR': '2025', 'MONAT': '10', 'PRCTR': 'SSX', 'RACCT': '6001123456', 'ACC_N': '营业总收入', 'RFAREA': 'Y000', 'RFA_N': '管理费用', 'C_D_SUM': -100, 'HSL_E': -200}
2026-03-16 15:55:46 - werkzeug - INFO - 127.0.0.1 - - [16/Mar/2026 15:55:46] "POST /api/zmdms-esb-sap/sap/open/call HTTP/1.1" 200 -
2026-03-16 15:55:49 - root - INFO - {'year': '2025', 'month': '10', 'prctr': 'SSX'}
2026-03-16 15:55:49 - root - INFO - ['{"GJAHR": "2025", "MONAT": "10", "PRCTR": "SSX", "RACCT": "6001123456", "ACC_N": "营业总收入", "RFAREA": "Y000", "RFA_N": "管理费用", "C_D_SUM": 0, "HSL_E": 0}', '{"GJAHR": "2025", "MONAT": "10", "PRCTR": "SSX", "RACCT": "6601010700", "ACC_N": "职工薪酬-职工福利-其他", "RFAREA": "Y000", "RFA_N": "管理费用", "C_D_SUM": 0, "HSL_E": 0}', '{"GJAHR": "2025", "MONAT": "10", "PRCTR": "SSX", "RACCT": "6001654321", "ACC_N": "营业总成本", "RFAREA": "Y000", "RFA_N": "管理费用", "C_D_SUM": 0, "HSL_E": 0}', '{"GJAHR": "2025", "MONAT": "10", "PRCTR": "SSX", "RACCT": "6601123456", "ACC_N": "销售费用", "RFAREA": "Y000", "RFA_N": "管理费用", "C_D_SUM": 0, "HSL_E": 0}', '{"GJAHR": "2025", "MONAT": "10", "PRCTR": "SSX", "RACCT": "6603123456", "ACC_N": "财务费用", "RFAREA": "Y000", "RFA_N": "管理费用", "C_D_SUM": 0, "HSL_E": 0}', '{"GJAHR": "2025", "MONAT": "10", "PRCTR": "SSX", "RACCT": "6603021234", "ACC_N": "利息支出", "RFAREA": "X100", "RFA_N": "管理费用", "C_D_SUM": 0, "HSL_E": 0}', '{"GJAHR": "2025", "MONAT": "10", "PRCTR": "SSX", "RACCT": "6603011234", "ACC_N": "利息收入", "RFAREA": "X100", "RFA_N": "管理费用", "C_D_SUM": 0, "HSL_E": 0}', '{"GJAHR": "2025", "MONAT": "10", "PRCTR": "SSX", "RACCT": "6603031234", "ACC_N": "汇兑损益", "RFAREA": "X100", "RFA_N": "管理费用", "C_D_SUM": 0, "HSL_E": 0}', '{"GJAHR": "2025", "MONAT": "10", "PRCTR": "SSX", "RACCT": "6701123456", "ACC_N": "资产减值损失", "RFAREA": "X100", "RFA_N": "管理费用", "C_D_SUM": 0, "HSL_E": 0}', '{"GJAHR": "2025", "MONAT": "10", "PRCTR": "SSX", "RACCT": "6101123456", "ACC_N": "公允价值变动收益", "RFAREA": "X100", "RFA_N": "管理费用", "C_D_SUM": 0, "HSL_E": 0}', '{"GJAHR": "2025", "MONAT": "10", "PRCTR": "SSX", "RACCT": "6111123456", "ACC_N": "投资收益", "RFAREA": "X100", "RFA_N": "管理费用", "C_D_SUM": 0, "HSL_E": 0}', '{"GJAHR": "2025", "MONAT": "10", "PRCTR": "SSX", "RACCT": "6302123456", "ACC_N": "其他收益", "RFAREA": "X100", "RFA_N": "管理费用", "C_D_SUM": 0, "HSL_E": 0}', '{"GJAHR": "2025", "MONAT": "10", "PRCTR": "SSX", "RACCT": "6301123456", "ACC_N": "营业外收入", "RFAREA": "X100", "RFA_N": "管理费用", "C_D_SUM": 0, "HSL_E": 0}', '{"GJAHR": "2025", "MONAT": "10", "PRCTR": "SSX", "RACCT": "6711123456", "ACC_N": "营业外支出", "RFAREA": "X100", "RFA_N": "管理费用", "C_D_SUM": 0, "HSL_E": 0}', '{"GJAHR": "2025", "MONAT": "10", "PRCTR": "SSX", "RACCT": "6601300000", "ACC_N": "劳务派遣", "RFAREA": "Y000", "RFA_N": "管理费用", "C_D_SUM": 0, "HSL_E": 0}', '{"GJAHR": "2025", "MONAT": "10", "PRCTR": "SSX", "RACCT": "6601010700", "ACC_N": "办公费-其他", "RFAREA": "Y000", "RFA_N": "管理费用", "C_D_SUM": 0, "HSL_E": 0}', '{"GJAHR": "2025", "MONAT": "10", "PRCTR": "SSX", "RACCT": "6601060000", "ACC_N": "仓储费", "RFAREA": "Y000", "RFA_N": "管理费用", "C_D_SUM": 0, "HSL_E": 0}', '{"GJAHR": "2025", "MONAT": "10", "PRCTR": "SSX", "RACCT": "6601180000", "ACC_N": "招待费", "RFAREA": "Y000", "RFA_N": "管理费用", "C_D_SUM": 0, "HSL_E": 0}', '{"GJAHR": "2025", "MONAT": "10", "PRCTR": "SSX", "RACCT": "6601270500", "ACC_N": "办公费-办公用品费", "RFAREA": "Y000", "RFA_N": "管理费用", "C_D_SUM": 0, "HSL_E": 0}']
2026-03-16 15:55:49 - werkzeug - INFO - 127.0.0.1 - - [16/Mar/2026 15:55:49] "POST /api/zmdms-esb-sap/sap/open/call HTTP/1.1" 200 -
2026-03-16 15:55:50 - root - INFO - {'year': '2025', 'month': '10', 'prctr': 'SSX'}
2026-03-16 15:55:50 - root - INFO - ['{"GJAHR": "2025", "MONAT": "10", "PRCTR": "SSX", "RACCT": "6001123456", "ACC_N": "营业总收入", "RFAREA": "Y000", "RFA_N": "管理费用", "C_D_SUM": 0, "HSL_E": 0}', '{"GJAHR": "2025", "MONAT": "10", "PRCTR": "SSX", "RACCT": "6601010700", "ACC_N": "职工薪酬-职工福利-其他", "RFAREA": "Y000", "RFA_N": "管理费用", "C_D_SUM": 0, "HSL_E": 0}', '{"GJAHR": "2025", "MONAT": "10", "PRCTR": "SSX", "RACCT": "6001654321", "ACC_N": "营业总成本", "RFAREA": "Y000", "RFA_N": "管理费用", "C_D_SUM": 0, "HSL_E": 0}', '{"GJAHR": "2025", "MONAT": "10", "PRCTR": "SSX", "RACCT": "6601123456", "ACC_N": "销售费用", "RFAREA": "Y000", "RFA_N": "管理费用", "C_D_SUM": 0, "HSL_E": 0}', '{"GJAHR": "2025", "MONAT": "10", "PRCTR": "SSX", "RACCT": "6603123456", "ACC_N": "财务费用", "RFAREA": "Y000", "RFA_N": "管理费用", "C_D_SUM": 0, "HSL_E": 0}', '{"GJAHR": "2025", "MONAT": "10", "PRCTR": "SSX", "RACCT": "6603021234", "ACC_N": "利息支出", "RFAREA": "X100", "RFA_N": "管理费用", "C_D_SUM": 0, "HSL_E": 0}', '{"GJAHR": "2025", "MONAT": "10", "PRCTR": "SSX", "RACCT": "6603011234", "ACC_N": "利息收入", "RFAREA": "X100", "RFA_N": "管理费用", "C_D_SUM": 0, "HSL_E": 0}', '{"GJAHR": "2025", "MONAT": "10", "PRCTR": "SSX", "RACCT": "6603031234", "ACC_N": "汇兑损益", "RFAREA": "X100", "RFA_N": "管理费用", "C_D_SUM": 0, "HSL_E": 0}', '{"GJAHR": "2025", "MONAT": "10", "PRCTR": "SSX", "RACCT": "6701123456", "ACC_N": "资产减值损失", "RFAREA": "X100", "RFA_N": "管理费用", "C_D_SUM": 0, "HSL_E": 0}', '{"GJAHR": "2025", "MONAT": "10", "PRCTR": "SSX", "RACCT": "6101123456", "ACC_N": "公允价值变动收益", "RFAREA": "X100", "RFA_N": "管理费用", "C_D_SUM": 0, "HSL_E": 0}', '{"GJAHR": "2025", "MONAT": "10", "PRCTR": "SSX", "RACCT": "6111123456", "ACC_N": "投资收益", "RFAREA": "X100", "RFA_N": "管理费用", "C_D_SUM": 0, "HSL_E": 0}', '{"GJAHR": "2025", "MONAT": "10", "PRCTR": "SSX", "RACCT": "6302123456", "ACC_N": "其他收益", "RFAREA": "X100", "RFA_N": "管理费用", "C_D_SUM": 0, "HSL_E": 0}', '{"GJAHR": "2025", "MONAT": "10", "PRCTR": "SSX", "RACCT": "6301123456", "ACC_N": "营业外收入", "RFAREA": "X100", "RFA_N": "管理费用", "C_D_SUM": 0, "HSL_E": 0}', '{"GJAHR": "2025", "MONAT": "10", "PRCTR": "SSX", "RACCT": "6711123456", "ACC_N": "营业外支出", "RFAREA": "X100", "RFA_N": "管理费用", "C_D_SUM": 0, "HSL_E": 0}', '{"GJAHR": "2025", "MONAT": "10", "PRCTR": "SSX", "RACCT": "6601300000", "ACC_N": "劳务派遣", "RFAREA": "Y000", "RFA_N": "管理费用", "C_D_SUM": 0, "HSL_E": 0}', '{"GJAHR": "2025", "MONAT": "10", "PRCTR": "SSX", "RACCT": "6601010700", "ACC_N": "办公费-其他", "RFAREA": "Y000", "RFA_N": "管理费用", "C_D_SUM": 0, "HSL_E": 0}', '{"GJAHR": "2025", "MONAT": "10", "PRCTR": "SSX", "RACCT": "6601060000", "ACC_N": "仓储费", "RFAREA": "Y000", "RFA_N": "管理费用", "C_D_SUM": 0, "HSL_E": 0}', '{"GJAHR": "2025", "MONAT": "10", "PRCTR": "SSX", "RACCT": "6601180000", "ACC_N": "招待费", "RFAREA": "Y000", "RFA_N": "管理费用", "C_D_SUM": 0, "HSL_E": 0}', '{"GJAHR": "2025", "MONAT": "10", "PRCTR": "SSX", "RACCT": "6601270500", "ACC_N": "办公费-办公用品费", "RFAREA": "Y000", "RFA_N": "管理费用", "C_D_SUM": 0, "HSL_E": 0}']
2026-03-16 15:55:50 - werkzeug - INFO - 127.0.0.1 - - [16/Mar/2026 15:55:50] "POST /api/zmdms-esb-sap/sap/open/call HTTP/1.1" 200 -
2026-03-16 15:59:31 - root - INFO - {'year': '2025', 'month': '10', 'prctr': 'SSX'}
2026-03-16 15:59:31 - root - INFO - ['{"GJAHR": "2025", "MONAT": "10", "PRCTR": "SSX", "RACCT": "6001123456", "ACC_N": "营业总收入", "RFAREA": "Y000", "RFA_N": "管理费用", "C_D_SUM": 0, "HSL_E": 0}', '{"GJAHR": "2025", "MONAT": "10", "PRCTR": "SSX", "RACCT": "6601010700", "ACC_N": "职工薪酬-职工福利-其他", "RFAREA": "Y000", "RFA_N": "管理费用", "C_D_SUM": 0, "HSL_E": 0}', '{"GJAHR": "2025", "MONAT": "10", "PRCTR": "SSX", "RACCT": "6001654321", "ACC_N": "营业总成本", "RFAREA": "Y000", "RFA_N": "管理费用", "C_D_SUM": 0, "HSL_E": 0}', '{"GJAHR": "2025", "MONAT": "10", "PRCTR": "SSX", "RACCT": "6601123456", "ACC_N": "销售费用", "RFAREA": "Y000", "RFA_N": "管理费用", "C_D_SUM": 0, "HSL_E": 0}', '{"GJAHR": "2025", "MONAT": "10", "PRCTR": "SSX", "RACCT": "6603123456", "ACC_N": "财务费用", "RFAREA": "Y000", "RFA_N": "管理费用", "C_D_SUM": 0, "HSL_E": 0}', '{"GJAHR": "2025", "MONAT": "10", "PRCTR": "SSX", "RACCT": "6603021234", "ACC_N": "利息支出", "RFAREA": "X100", "RFA_N": "管理费用", "C_D_SUM": 0, "HSL_E": 0}', '{"GJAHR": "2025", "MONAT": "10", "PRCTR": "SSX", "RACCT": "6603011234", "ACC_N": "利息收入", "RFAREA": "X100", "RFA_N": "管理费用", "C_D_SUM": 0, "HSL_E": 0}', '{"GJAHR": "2025", "MONAT": "10", "PRCTR": "SSX", "RACCT": "6603031234", "ACC_N": "汇兑损益", "RFAREA": "X100", "RFA_N": "管理费用", "C_D_SUM": 0, "HSL_E": 0}', '{"GJAHR": "2025", "MONAT": "10", "PRCTR": "SSX", "RACCT": "6701123456", "ACC_N": "资产减值损失", "RFAREA": "X100", "RFA_N": "管理费用", "C_D_SUM": 0, "HSL_E": 0}', '{"GJAHR": "2025", "MONAT": "10", "PRCTR": "SSX", "RACCT": "6101123456", "ACC_N": "公允价值变动收益", "RFAREA": "X100", "RFA_N": "管理费用", "C_D_SUM": 0, "HSL_E": 0}', '{"GJAHR": "2025", "MONAT": "10", "PRCTR": "SSX", "RACCT": "6111123456", "ACC_N": "投资收益", "RFAREA": "X100", "RFA_N": "管理费用", "C_D_SUM": 0, "HSL_E": 0}', '{"GJAHR": "2025", "MONAT": "10", "PRCTR": "SSX", "RACCT": "6302123456", "ACC_N": "其他收益", "RFAREA": "X100", "RFA_N": "管理费用", "C_D_SUM": 0, "HSL_E": 0}', '{"GJAHR": "2025", "MONAT": "10", "PRCTR": "SSX", "RACCT": "6301123456", "ACC_N": "营业外收入", "RFAREA": "X100", "RFA_N": "管理费用", "C_D_SUM": 0, "HSL_E": 0}', '{"GJAHR": "2025", "MONAT": "10", "PRCTR": "SSX", "RACCT": "6711123456", "ACC_N": "营业外支出", "RFAREA": "X100", "RFA_N": "管理费用", "C_D_SUM": 0, "HSL_E": 0}', '{"GJAHR": "2025", "MONAT": "10", "PRCTR": "SSX", "RACCT": "6601300000", "ACC_N": "劳务派遣", "RFAREA": "Y000", "RFA_N": "管理费用", "C_D_SUM": 0, "HSL_E": 0}', '{"GJAHR": "2025", "MONAT": "10", "PRCTR": "SSX", "RACCT": "6601010700", "ACC_N": "办公费-其他", "RFAREA": "Y000", "RFA_N": "管理费用", "C_D_SUM": 0, "HSL_E": 0}', '{"GJAHR": "2025", "MONAT": "10", "PRCTR": "SSX", "RACCT": "6601060000", "ACC_N": "仓储费", "RFAREA": "Y000", "RFA_N": "管理费用", "C_D_SUM": 0, "HSL_E": 0}', '{"GJAHR": "2025", "MONAT": "10", "PRCTR": "SSX", "RACCT": "6601180000", "ACC_N": "招待费", "RFAREA": "Y000", "RFA_N": "管理费用", "C_D_SUM": 0, "HSL_E": 0}', '{"GJAHR": "2025", "MONAT": "10", "PRCTR": "SSX", "RACCT": "6601270500", "ACC_N": "办公费-办公用品费", "RFAREA": "Y000", "RFA_N": "管理费用", "C_D_SUM": 0, "HSL_E": 0}']
2026-03-16 15:59:31 - werkzeug - INFO - 127.0.0.1 - - [16/Mar/2026 15:59:31] "POST /api/zmdms-esb-sap/sap/open/call HTTP/1.1" 200 -
2026-03-16 15:59:36 - root - INFO - {'year': '2025', 'month': '10', 'prctr': 'SSX'}
2026-03-16 15:59:36 - root - INFO - ['{"GJAHR": "2025", "MONAT": "10", "PRCTR": "SSX", "RACCT": "6001123456", "ACC_N": "营业总收入", "RFAREA": "Y000", "RFA_N": "管理费用", "C_D_SUM": 0, "HSL_E": 0}', '{"GJAHR": "2025", "MONAT": "10", "PRCTR": "SSX", "RACCT": "6601010700", "ACC_N": "职工薪酬-职工福利-其他", "RFAREA": "Y000", "RFA_N": "管理费用", "C_D_SUM": 0, "HSL_E": 0}', '{"GJAHR": "2025", "MONAT": "10", "PRCTR": "SSX", "RACCT": "6001654321", "ACC_N": "营业总成本", "RFAREA": "Y000", "RFA_N": "管理费用", "C_D_SUM": 0, "HSL_E": 0}', '{"GJAHR": "2025", "MONAT": "10", "PRCTR": "SSX", "RACCT": "6601123456", "ACC_N": "销售费用", "RFAREA": "Y000", "RFA_N": "管理费用", "C_D_SUM": 0, "HSL_E": 0}', '{"GJAHR": "2025", "MONAT": "10", "PRCTR": "SSX", "RACCT": "6603123456", "ACC_N": "财务费用", "RFAREA": "Y000", "RFA_N": "管理费用", "C_D_SUM": 0, "HSL_E": 0}', '{"GJAHR": "2025", "MONAT": "10", "PRCTR": "SSX", "RACCT": "6603021234", "ACC_N": "利息支出", "RFAREA": "X100", "RFA_N": "管理费用", "C_D_SUM": 0, "HSL_E": 0}', '{"GJAHR": "2025", "MONAT": "10", "PRCTR": "SSX", "RACCT": "6603011234", "ACC_N": "利息收入", "RFAREA": "X100", "RFA_N": "管理费用", "C_D_SUM": 0, "HSL_E": 0}', '{"GJAHR": "2025", "MONAT": "10", "PRCTR": "SSX", "RACCT": "6603031234", "ACC_N": "汇兑损益", "RFAREA": "X100", "RFA_N": "管理费用", "C_D_SUM": 0, "HSL_E": 0}', '{"GJAHR": "2025", "MONAT": "10", "PRCTR": "SSX", "RACCT": "6701123456", "ACC_N": "资产减值损失", "RFAREA": "X100", "RFA_N": "管理费用", "C_D_SUM": 0, "HSL_E": 0}', '{"GJAHR": "2025", "MONAT": "10", "PRCTR": "SSX", "RACCT": "6101123456", "ACC_N": "公允价值变动收益", "RFAREA": "X100", "RFA_N": "管理费用", "C_D_SUM": 0, "HSL_E": 0}', '{"GJAHR": "2025", "MONAT": "10", "PRCTR": "SSX", "RACCT": "6111123456", "ACC_N": "投资收益", "RFAREA": "X100", "RFA_N": "管理费用", "C_D_SUM": 0, "HSL_E": 0}', '{"GJAHR": "2025", "MONAT": "10", "PRCTR": "SSX", "RACCT": "6302123456", "ACC_N": "其他收益", "RFAREA": "X100", "RFA_N": "管理费用", "C_D_SUM": 0, "HSL_E": 0}', '{"GJAHR": "2025", "MONAT": "10", "PRCTR": "SSX", "RACCT": "6301123456", "ACC_N": "营业外收入", "RFAREA": "X100", "RFA_N": "管理费用", "C_D_SUM": 0, "HSL_E": 0}', '{"GJAHR": "2025", "MONAT": "10", "PRCTR": "SSX", "RACCT": "6711123456", "ACC_N": "营业外支出", "RFAREA": "X100", "RFA_N": "管理费用", "C_D_SUM": 0, "HSL_E": 0}', '{"GJAHR": "2025", "MONAT": "10", "PRCTR": "SSX", "RACCT": "6601300000", "ACC_N": "劳务派遣", "RFAREA": "Y000", "RFA_N": "管理费用", "C_D_SUM": 0, "HSL_E": 0}', '{"GJAHR": "2025", "MONAT": "10", "PRCTR": "SSX", "RACCT": "6601010700", "ACC_N": "办公费-其他", "RFAREA": "Y000", "RFA_N": "管理费用", "C_D_SUM": 0, "HSL_E": 0}', '{"GJAHR": "2025", "MONAT": "10", "PRCTR": "SSX", "RACCT": "6601060000", "ACC_N": "仓储费", "RFAREA": "Y000", "RFA_N": "管理费用", "C_D_SUM": 0, "HSL_E": 0}', '{"GJAHR": "2025", "MONAT": "10", "PRCTR": "SSX", "RACCT": "6601180000", "ACC_N": "招待费", "RFAREA": "Y000", "RFA_N": "管理费用", "C_D_SUM": 0, "HSL_E": 0}', '{"GJAHR": "2025", "MONAT": "10", "PRCTR": "SSX", "RACCT": "6601270500", "ACC_N": "办公费-办公用品费", "RFAREA": "Y000", "RFA_N": "管理费用", "C_D_SUM": 0, "HSL_E": 0}']
2026-03-16 15:59:36 - werkzeug - INFO - 127.0.0.1 - - [16/Mar/2026 15:59:36] "POST /api/zmdms-esb-sap/sap/open/call HTTP/1.1" 200 -
2026-03-16 15:59:46 - root - INFO - {'year': '2025', 'month': '09', 'prctr': 'SSX'}
2026-03-16 15:59:46 - root - INFO - ['{"GJAHR": "2025", "MONAT": "09", "PRCTR": "SSX", "RACCT": "6001123456", "ACC_N": "营业总收入", "RFAREA": "Y000", "RFA_N": "管理费用", "C_D_SUM": -100, "HSL_E": -100}', '{"GJAHR": "2025", "MONAT": "09", "PRCTR": "SSX", "RACCT": "6601010700", "ACC_N": "职工薪酬-职工福利-其他", "RFAREA": "Y000", "RFA_N": "管理费用", "C_D_SUM": -100, "HSL_E": -100}', '{"GJAHR": "2025", "MONAT": "09", "PRCTR": "SSX", "RACCT": "6001654321", "ACC_N": "营业总成本", "RFAREA": "Y000", "RFA_N": "管理费用", "C_D_SUM": -100, "HSL_E": -100}', '{"GJAHR": "2025", "MONAT": "09", "PRCTR": "SSX", "RACCT": "6601123456", "ACC_N": "销售费用", "RFAREA": "Y000", "RFA_N": "管理费用", "C_D_SUM": -100, "HSL_E": -100}', '{"GJAHR": "2025", "MONAT": "09", "PRCTR": "SSX", "RACCT": "6603123456", "ACC_N": "财务费用", "RFAREA": "Y000", "RFA_N": "管理费用", "C_D_SUM": -100, "HSL_E": -100}', '{"GJAHR": "2025", "MONAT": "09", "PRCTR": "SSX", "RACCT": "6603021234", "ACC_N": "利息支出", "RFAREA": "X100", "RFA_N": "管理费用", "C_D_SUM": -100, "HSL_E": -100}', '{"GJAHR": "2025", "MONAT": "09", "PRCTR": "SSX", "RACCT": "6603011234", "ACC_N": "利息收入", "RFAREA": "X100", "RFA_N": "管理费用", "C_D_SUM": -100, "HSL_E": -100}', '{"GJAHR": "2025", "MONAT": "09", "PRCTR": "SSX", "RACCT": "6603031234", "ACC_N": "汇兑损益", "RFAREA": "X100", "RFA_N": "管理费用", "C_D_SUM": -100, "HSL_E": -100}', '{"GJAHR": "2025", "MONAT": "09", "PRCTR": "SSX", "RACCT": "6701123456", "ACC_N": "资产减值损失", "RFAREA": "X100", "RFA_N": "管理费用", "C_D_SUM": -100, "HSL_E": -100}', '{"GJAHR": "2025", "MONAT": "09", "PRCTR": "SSX", "RACCT": "6101123456", "ACC_N": "公允价值变动收益", "RFAREA": "X100", "RFA_N": "管理费用", "C_D_SUM": -100, "HSL_E": -100}', '{"GJAHR": "2025", "MONAT": "09", "PRCTR": "SSX", "RACCT": "6111123456", "ACC_N": "投资收益", "RFAREA": "X100", "RFA_N": "管理费用", "C_D_SUM": -100, "HSL_E": -100}', '{"GJAHR": "2025", "MONAT": "09", "PRCTR": "SSX", "RACCT": "6302123456", "ACC_N": "其他收益", "RFAREA": "X100", "RFA_N": "管理费用", "C_D_SUM": -100, "HSL_E": -100}', '{"GJAHR": "2025", "MONAT": "09", "PRCTR": "SSX", "RACCT": "6301123456", "ACC_N": "营业外收入", "RFAREA": "X100", "RFA_N": "管理费用", "C_D_SUM": -100, "HSL_E": -100}', '{"GJAHR": "2025", "MONAT": "09", "PRCTR": "SSX", "RACCT": "6711123456", "ACC_N": "营业外支出", "RFAREA": "X100", "RFA_N": "管理费用", "C_D_SUM": -100, "HSL_E": -100}', '{"GJAHR": "2025", "MONAT": "09", "PRCTR": "SSX", "RACCT": "6601300000", "ACC_N": "劳务派遣", "RFAREA": "Y000", "RFA_N": "管理费用", "C_D_SUM": -100, "HSL_E": -100}', '{"GJAHR": "2025", "MONAT": "09", "PRCTR": "SSX", "RACCT": "6601010700", "ACC_N": "办公费-其他", "RFAREA": "Y000", "RFA_N": "管理费用", "C_D_SUM": -100, "HSL_E": -100}', '{"GJAHR": "2025", "MONAT": "09", "PRCTR": "SSX", "RACCT": "6601060000", "ACC_N": "仓储费", "RFAREA": "Y000", "RFA_N": "管理费用", "C_D_SUM": -100, "HSL_E": -100}', '{"GJAHR": "2025", "MONAT": "09", "PRCTR": "SSX", "RACCT": "6601180000", "ACC_N": "招待费", "RFAREA": "Y000", "RFA_N": "管理费用", "C_D_SUM": -100, "HSL_E": -100}', '{"GJAHR": "2025", "MONAT": "09", "PRCTR": "SSX", "RACCT": "6601270500", "ACC_N": "办公费-办公用品费", "RFAREA": "Y000", "RFA_N": "管理费用", "C_D_SUM": -100, "HSL_E": -100}']
2026-03-16 15:59:46 - werkzeug - INFO - 127.0.0.1 - - [16/Mar/2026 15:59:46] "POST /api/zmdms-esb-sap/sap/open/call HTTP/1.1" 200 -
2026-03-16 15:59:55 - root - INFO - {'year': '2025', 'month': '08', 'prctr': 'SSX'}
2026-03-16 15:59:55 - root - INFO - {'GJAHR': '2025', 'MONAT': '08', 'PRCTR': 'SSX', 'RACCT': '6001123456', 'ACC_N': '营业总收入', 'RFAREA': 'Y000', 'RFA_N': '管理费用', 'C_D_SUM': 73.45, 'HSL_E': 57.89}
2026-03-16 15:59:55 - werkzeug - INFO - 127.0.0.1 - - [16/Mar/2026 15:59:55] "POST /api/zmdms-esb-sap/sap/open/call HTTP/1.1" 200 -
2026-03-16 16:00:21 - root - INFO - {'year': '2025', 'month': '08', 'prctr': 'SSX'}
2026-03-16 16:00:21 - main - ERROR - Exception on /api/zmdms-esb-sap/sap/open/call [POST]
Traceback (most recent call last):
  File "/Users/dushiyu/Downloads/pythonEnv/flask/lib/python3.13/site-packages/flask/app.py", line 1511, in wsgi_app
    response = self.full_dispatch_request()
  File "/Users/dushiyu/Downloads/pythonEnv/flask/lib/python3.13/site-packages/flask/app.py", line 919, in full_dispatch_request
    rv = self.handle_user_exception(e)
  File "/Users/dushiyu/Downloads/pythonEnv/flask/lib/python3.13/site-packages/flask/app.py", line 917, in full_dispatch_request
    rv = self.dispatch_request()
  File "/Users/dushiyu/Downloads/pythonEnv/flask/lib/python3.13/site-packages/flask/app.py", line 902, in dispatch_request
    return self.ensure_sync(self.view_functions[rule.endpoint])(**view_args)  # type: ignore[no-any-return]
           ~~~~~~~~~~~~~~~~~~~~~~~~~~~~~~~~~~~~~~~~~~~~~~~~~~~~^^^^^^^^^^^^^
  File "/Users/dushiyu/Desktop/pythonProject/PythonProject/flask/main.py", line 30, in sap_call
    res_data = SapData.get_data(year=year, month=month, prctr=prctr)
  File "/Users/dushiyu/Desktop/pythonProject/PythonProject/flask/data/sap_data.py", line 100, in get_data
    sap = sapVo(GJAHR=year, MONAT=month, PRCTR=prctr, RACCT=item['RACCT'], ACC_N=item['ACC_N'],
                RFAREA=item['RFAREA'])
TypeError: sapVo.__init__() missing 2 required positional arguments: 'C_D_SUM' and 'HSL_E'
2026-03-16 16:00:21 - werkzeug - INFO - 127.0.0.1 - - [16/Mar/2026 16:00:21] "[35m[1mPOST /api/zmdms-esb-sap/sap/open/call HTTP/1.1[0m" 500 -
2026-03-16 16:01:03 - root - INFO - {'year': '2025', 'month': '08', 'prctr': 'SSX'}
2026-03-16 16:01:03 - root - INFO - ['{"GJAHR": "2025", "MONAT": "08", "PRCTR": "SSX", "RACCT": "6001123456", "ACC_N": "营业总收入", "RFAREA": "Y000", "RFA_N": "管理费用", "C_D_SUM": 20.12, "HSL_E": 12.72}', '{"GJAHR": "2025", "MONAT": "08", "PRCTR": "SSX", "RACCT": "6601010700", "ACC_N": "职工薪酬-职工福利-其他", "RFAREA": "Y000", "RFA_N": "管理费用", "C_D_SUM": 63.37, "HSL_E": 39.06}', '{"GJAHR": "2025", "MONAT": "08", "PRCTR": "SSX", "RACCT": "6001654321", "ACC_N": "营业总成本", "RFAREA": "Y000", "RFA_N": "管理费用", "C_D_SUM": 48.01, "HSL_E": 74.15}', '{"GJAHR": "2025", "MONAT": "08", "PRCTR": "SSX", "RACCT": "6601123456", "ACC_N": "销售费用", "RFAREA": "Y000", "RFA_N": "管理费用", "C_D_SUM": 13.78, "HSL_E": 78.44}', '{"GJAHR": "2025", "MONAT": "08", "PRCTR": "SSX", "RACCT": "6603123456", "ACC_N": "财务费用", "RFAREA": "Y000", "RFA_N": "管理费用", "C_D_SUM": 49.59, "HSL_E": 85.7}', '{"GJAHR": "2025", "MONAT": "08", "PRCTR": "SSX", "RACCT": "6603021234", "ACC_N": "利息支出", "RFAREA": "X100", "RFA_N": "管理费用", "C_D_SUM": 68.08, "HSL_E": 89.57}', '{"GJAHR": "2025", "MONAT": "08", "PRCTR": "SSX", "RACCT": "6603011234", "ACC_N": "利息收入", "RFAREA": "X100", "RFA_N": "管理费用", "C_D_SUM": 89.7, "HSL_E": 19.8}', '{"GJAHR": "2025", "MONAT": "08", "PRCTR": "SSX", "RACCT": "6603031234", "ACC_N": "汇兑损益", "RFAREA": "X100", "RFA_N": "管理费用", "C_D_SUM": 38.44, "HSL_E": 61.31}', '{"GJAHR": "2025", "MONAT": "08", "PRCTR": "SSX", "RACCT": "6701123456", "ACC_N": "资产减值损失", "RFAREA": "X100", "RFA_N": "管理费用", "C_D_SUM": 15.27, "HSL_E": 11.48}', '{"GJAHR": "2025", "MONAT": "08", "PRCTR": "SSX", "RACCT": "6101123456", "ACC_N": "公允价值变动收益", "RFAREA": "X100", "RFA_N": "管理费用", "C_D_SUM": 68.4, "HSL_E": 74.79}', '{"GJAHR": "2025", "MONAT": "08", "PRCTR": "SSX", "RACCT": "6111123456", "ACC_N": "投资收益", "RFAREA": "X100", "RFA_N": "管理费用", "C_D_SUM": 90.31, "HSL_E": 76.52}', '{"GJAHR": "2025", "MONAT": "08", "PRCTR": "SSX", "RACCT": "6302123456", "ACC_N": "其他收益", "RFAREA": "X100", "RFA_N": "管理费用", "C_D_SUM": 41.6, "HSL_E": 42.7}', '{"GJAHR": "2025", "MONAT": "08", "PRCTR": "SSX", "RACCT": "6301123456", "ACC_N": "营业外收入", "RFAREA": "X100", "RFA_N": "管理费用", "C_D_SUM": 87.25, "HSL_E": 35.79}', '{"GJAHR": "2025", "MONAT": "08", "PRCTR": "SSX", "RACCT": "6711123456", "ACC_N": "营业外支出", "RFAREA": "X100", "RFA_N": "管理费用", "C_D_SUM": 96.9, "HSL_E": 78.15}', '{"GJAHR": "2025", "MONAT": "08", "PRCTR": "SSX", "RACCT": "6601300000", "ACC_N": "劳务派遣", "RFAREA": "Y000", "RFA_N": "管理费用", "C_D_SUM": 6.81, "HSL_E": 69.51}', '{"GJAHR": "2025", "MONAT": "08", "PRCTR": "SSX", "RACCT": "6601010700", "ACC_N": "办公费-其他", "RFAREA": "Y000", "RFA_N": "管理费用", "C_D_SUM": 97.02, "HSL_E": 24.83}', '{"GJAHR": "2025", "MONAT": "08", "PRCTR": "SSX", "RACCT": "6601060000", "ACC_N": "仓储费", "RFAREA": "Y000", "RFA_N": "管理费用", "C_D_SUM": 47.81, "HSL_E": 60.45}', '{"GJAHR": "2025", "MONAT": "08", "PRCTR": "SSX", "RACCT": "6601180000", "ACC_N": "招待费", "RFAREA": "Y000", "RFA_N": "管理费用", "C_D_SUM": 32.06, "HSL_E": 99.26}', '{"GJAHR": "2025", "MONAT": "08", "PRCTR": "SSX", "RACCT": "6601270500", "ACC_N": "办公费-办公用品费", "RFAREA": "Y000", "RFA_N": "管理费用", "C_D_SUM": 37.72, "HSL_E": 69.94}']
2026-03-16 16:01:03 - werkzeug - INFO - 127.0.0.1 - - [16/Mar/2026 16:01:03] "POST /api/zmdms-esb-sap/sap/open/call HTTP/1.1" 200 -
2026-03-16 16:01:07 - root - INFO - {'year': '2025', 'month': '08', 'prctr': 'SSX'}
2026-03-16 16:01:07 - root - INFO - ['{"GJAHR": "2025", "MONAT": "08", "PRCTR": "SSX", "RACCT": "6001123456", "ACC_N": "营业总收入", "RFAREA": "Y000", "RFA_N": "管理费用", "C_D_SUM": 62.38, "HSL_E": 11.81}', '{"GJAHR": "2025", "MONAT": "08", "PRCTR": "SSX", "RACCT": "6601010700", "ACC_N": "职工薪酬-职工福利-其他", "RFAREA": "Y000", "RFA_N": "管理费用", "C_D_SUM": 88.29, "HSL_E": 48.27}', '{"GJAHR": "2025", "MONAT": "08", "PRCTR": "SSX", "RACCT": "6001654321", "ACC_N": "营业总成本", "RFAREA": "Y000", "RFA_N": "管理费用", "C_D_SUM": 14.27, "HSL_E": 71.7}', '{"GJAHR": "2025", "MONAT": "08", "PRCTR": "SSX", "RACCT": "6601123456", "ACC_N": "销售费用", "RFAREA": "Y000", "RFA_N": "管理费用", "C_D_SUM": 18.09, "HSL_E": 4.52}', '{"GJAHR": "2025", "MONAT": "08", "PRCTR": "SSX", "RACCT": "6603123456", "ACC_N": "财务费用", "RFAREA": "Y000", "RFA_N": "管理费用", "C_D_SUM": 14.48, "HSL_E": 35.66}', '{"GJAHR": "2025", "MONAT": "08", "PRCTR": "SSX", "RACCT": "6603021234", "ACC_N": "利息支出", "RFAREA": "X100", "RFA_N": "管理费用", "C_D_SUM": 34.67, "HSL_E": 60.0}', '{"GJAHR": "2025", "MONAT": "08", "PRCTR": "SSX", "RACCT": "6603011234", "ACC_N": "利息收入", "RFAREA": "X100", "RFA_N": "管理费用", "C_D_SUM": 62.61, "HSL_E": 69.77}', '{"GJAHR": "2025", "MONAT": "08", "PRCTR": "SSX", "RACCT": "6603031234", "ACC_N": "汇兑损益", "RFAREA": "X100", "RFA_N": "管理费用", "C_D_SUM": 17.81, "HSL_E": 41.49}', '{"GJAHR": "2025", "MONAT": "08", "PRCTR": "SSX", "RACCT": "6701123456", "ACC_N": "资产减值损失", "RFAREA": "X100", "RFA_N": "管理费用", "C_D_SUM": 99.01, "HSL_E": 54.96}', '{"GJAHR": "2025", "MONAT": "08", "PRCTR": "SSX", "RACCT": "6101123456", "ACC_N": "公允价值变动收益", "RFAREA": "X100", "RFA_N": "管理费用", "C_D_SUM": 33.72, "HSL_E": 86.93}', '{"GJAHR": "2025", "MONAT": "08", "PRCTR": "SSX", "RACCT": "6111123456", "ACC_N": "投资收益", "RFAREA": "X100", "RFA_N": "管理费用", "C_D_SUM": 16.37, "HSL_E": 27.32}', '{"GJAHR": "2025", "MONAT": "08", "PRCTR": "SSX", "RACCT": "6302123456", "ACC_N": "其他收益", "RFAREA": "X100", "RFA_N": "管理费用", "C_D_SUM": 57.06, "HSL_E": 92.46}', '{"GJAHR": "2025", "MONAT": "08", "PRCTR": "SSX", "RACCT": "6301123456", "ACC_N": "营业外收入", "RFAREA": "X100", "RFA_N": "管理费用", "C_D_SUM": 87.3, "HSL_E": 74.21}', '{"GJAHR": "2025", "MONAT": "08", "PRCTR": "SSX", "RACCT": "6711123456", "ACC_N": "营业外支出", "RFAREA": "X100", "RFA_N": "管理费用", "C_D_SUM": 78.78, "HSL_E": 14.2}', '{"GJAHR": "2025", "MONAT": "08", "PRCTR": "SSX", "RACCT": "6601300000", "ACC_N": "劳务派遣", "RFAREA": "Y000", "RFA_N": "管理费用", "C_D_SUM": 40.04, "HSL_E": 44.39}', '{"GJAHR": "2025", "MONAT": "08", "PRCTR": "SSX", "RACCT": "6601010700", "ACC_N": "办公费-其他", "RFAREA": "Y000", "RFA_N": "管理费用", "C_D_SUM": 57.2, "HSL_E": 27.08}', '{"GJAHR": "2025", "MONAT": "08", "PRCTR": "SSX", "RACCT": "6601060000", "ACC_N": "仓储费", "RFAREA": "Y000", "RFA_N": "管理费用", "C_D_SUM": 84.46, "HSL_E": 30.69}', '{"GJAHR": "2025", "MONAT": "08", "PRCTR": "SSX", "RACCT": "6601180000", "ACC_N": "招待费", "RFAREA": "Y000", "RFA_N": "管理费用", "C_D_SUM": 52.23, "HSL_E": 97.69}', '{"GJAHR": "2025", "MONAT": "08", "PRCTR": "SSX", "RACCT": "6601270500", "ACC_N": "办公费-办公用品费", "RFAREA": "Y000", "RFA_N": "管理费用", "C_D_SUM": 33.43, "HSL_E": 28.15}']
2026-03-16 16:01:07 - werkzeug - INFO - 127.0.0.1 - - [16/Mar/2026 16:01:07] "POST /api/zmdms-esb-sap/sap/open/call HTTP/1.1" 200 -
2026-03-16 16:01:08 - root - INFO - {'year': '2025', 'month': '08', 'prctr': 'SSX'}
2026-03-16 16:01:08 - root - INFO - ['{"GJAHR": "2025", "MONAT": "08", "PRCTR": "SSX", "RACCT": "6001123456", "ACC_N": "营业总收入", "RFAREA": "Y000", "RFA_N": "管理费用", "C_D_SUM": 99.79, "HSL_E": 73.77}', '{"GJAHR": "2025", "MONAT": "08", "PRCTR": "SSX", "RACCT": "6601010700", "ACC_N": "职工薪酬-职工福利-其他", "RFAREA": "Y000", "RFA_N": "管理费用", "C_D_SUM": 33.66, "HSL_E": 84.11}', '{"GJAHR": "2025", "MONAT": "08", "PRCTR": "SSX", "RACCT": "6001654321", "ACC_N": "营业总成本", "RFAREA": "Y000", "RFA_N": "管理费用", "C_D_SUM": 97.37, "HSL_E": 39.69}', '{"GJAHR": "2025", "MONAT": "08", "PRCTR": "SSX", "RACCT": "6601123456", "ACC_N": "销售费用", "RFAREA": "Y000", "RFA_N": "管理费用", "C_D_SUM": 76.74, "HSL_E": 1.12}', '{"GJAHR": "2025", "MONAT": "08", "PRCTR": "SSX", "RACCT": "6603123456", "ACC_N": "财务费用", "RFAREA": "Y000", "RFA_N": "管理费用", "C_D_SUM": 25.07, "HSL_E": 90.61}', '{"GJAHR": "2025", "MONAT": "08", "PRCTR": "SSX", "RACCT": "6603021234", "ACC_N": "利息支出", "RFAREA": "X100", "RFA_N": "管理费用", "C_D_SUM": 82.31, "HSL_E": 59.24}', '{"GJAHR": "2025", "MONAT": "08", "PRCTR": "SSX", "RACCT": "6603011234", "ACC_N": "利息收入", "RFAREA": "X100", "RFA_N": "管理费用", "C_D_SUM": 25.07, "HSL_E": 10.71}', '{"GJAHR": "2025", "MONAT": "08", "PRCTR": "SSX", "RACCT": "6603031234", "ACC_N": "汇兑损益", "RFAREA": "X100", "RFA_N": "管理费用", "C_D_SUM": 11.12, "HSL_E": 64.28}', '{"GJAHR": "2025", "MONAT": "08", "PRCTR": "SSX", "RACCT": "6701123456", "ACC_N": "资产减值损失", "RFAREA": "X100", "RFA_N": "管理费用", "C_D_SUM": 38.06, "HSL_E": 29.43}', '{"GJAHR": "2025", "MONAT": "08", "PRCTR": "SSX", "RACCT": "6101123456", "ACC_N": "公允价值变动收益", "RFAREA": "X100", "RFA_N": "管理费用", "C_D_SUM": 85.06, "HSL_E": 79.83}', '{"GJAHR": "2025", "MONAT": "08", "PRCTR": "SSX", "RACCT": "6111123456", "ACC_N": "投资收益", "RFAREA": "X100", "RFA_N": "管理费用", "C_D_SUM": 99.93, "HSL_E": 31.12}', '{"GJAHR": "2025", "MONAT": "08", "PRCTR": "SSX", "RACCT": "6302123456", "ACC_N": "其他收益", "RFAREA": "X100", "RFA_N": "管理费用", "C_D_SUM": 69.36, "HSL_E": 11.73}', '{"GJAHR": "2025", "MONAT": "08", "PRCTR": "SSX", "RACCT": "6301123456", "ACC_N": "营业外收入", "RFAREA": "X100", "RFA_N": "管理费用", "C_D_SUM": 38.99, "HSL_E": 26.44}', '{"GJAHR": "2025", "MONAT": "08", "PRCTR": "SSX", "RACCT": "6711123456", "ACC_N": "营业外支出", "RFAREA": "X100", "RFA_N": "管理费用", "C_D_SUM": 74.82, "HSL_E": 4.61}', '{"GJAHR": "2025", "MONAT": "08", "PRCTR": "SSX", "RACCT": "6601300000", "ACC_N": "劳务派遣", "RFAREA": "Y000", "RFA_N": "管理费用", "C_D_SUM": 73.33, "HSL_E": 8.04}', '{"GJAHR": "2025", "MONAT": "08", "PRCTR": "SSX", "RACCT": "6601010700", "ACC_N": "办公费-其他", "RFAREA": "Y000", "RFA_N": "管理费用", "C_D_SUM": 72.23, "HSL_E": 89.71}', '{"GJAHR": "2025", "MONAT": "08", "PRCTR": "SSX", "RACCT": "6601060000", "ACC_N": "仓储费", "RFAREA": "Y000", "RFA_N": "管理费用", "C_D_SUM": 16.61, "HSL_E": 51.53}', '{"GJAHR": "2025", "MONAT": "08", "PRCTR": "SSX", "RACCT": "6601180000", "ACC_N": "招待费", "RFAREA": "Y000", "RFA_N": "管理费用", "C_D_SUM": 53.21, "HSL_E": 7.4}', '{"GJAHR": "2025", "MONAT": "08", "PRCTR": "SSX", "RACCT": "6601270500", "ACC_N": "办公费-办公用品费", "RFAREA": "Y000", "RFA_N": "管理费用", "C_D_SUM": 89.62, "HSL_E": 7.72}']
2026-03-16 16:01:08 - werkzeug - INFO - 127.0.0.1 - - [16/Mar/2026 16:01:08] "POST /api/zmdms-esb-sap/sap/open/call HTTP/1.1" 200 -
